[0m01:38:36.461536 [debug] [MainThread]: Sending event: {'category': 'dbt', 'action': 'invocation', 'label': 'start', 'context': [<snowplow_tracker.self_describing_json.SelfDescribingJson object at 0x73ad8703e410>, <snowplow_tracker.self_describing_json.SelfDescribingJson object at 0x73ad8703e350>, <snowplow_tracker.self_describing_json.SelfDescribingJson object at 0x73ad8703eb90>]}


============================== 01:38:36.470190 | 8ffcdd9f-cb20-4d8d-8152-a5119ae88685 ==============================
[0m01:38:36.470190 [info ] [MainThread]: Running with dbt=1.5.0
[0m01:38:36.472337 [debug] [MainThread]: running dbt with arguments {'printer_width': '80', 'indirect_selection': 'eager', 'write_json': 'True', 'log_cache_events': 'False', 'partial_parse': 'True', 'cache_selected_only': 'False', 'warn_error': 'None', 'version_check': 'True', 'fail_fast': 'False', 'log_path': '/usr/app/dbt/logs', 'profiles_dir': '/usr/app/dbt', 'debug': 'False', 'use_colors': 'True', 'use_experimental_parser': 'False', 'no_print': 'None', 'quiet': 'False', 'log_format': 'default', 'introspect': 'True', 'static_parser': 'True', 'warn_error_options': 'WarnErrorOptions(include=[], exclude=[])', 'target_path': 'None', 'send_anonymous_usage_stats': 'True'}
[0m01:38:36.475224 [info ] [MainThread]: dbt version: 1.5.0
[0m01:38:36.476731 [info ] [MainThread]: python version: 3.11.2
[0m01:38:36.478255 [info ] [MainThread]: python path: /usr/local/bin/python
[0m01:38:36.479819 [info ] [MainThread]: os info: Linux-6.6.87.2-microsoft-standard-WSL2-x86_64-with-glibc2.31
[0m01:38:36.481416 [info ] [MainThread]: Using profiles.yml file at /usr/app/dbt/profiles.yml
[0m01:38:36.482851 [info ] [MainThread]: Using dbt_project.yml file at /usr/app/dbt/dbt_project.yml
[0m01:38:36.484120 [info ] [MainThread]: Configuration:
[0m01:38:36.584856 [info ] [MainThread]:   profiles.yml file [[32mOK found and valid[0m]
[0m01:38:36.617134 [info ] [MainThread]:   dbt_project.yml file [[32mOK found and valid[0m]
[0m01:38:36.624060 [info ] [MainThread]: Required dependencies:
[0m01:38:36.626037 [debug] [MainThread]: Executing "git --help"
[0m01:38:36.630178 [debug] [MainThread]: STDOUT: "b"usage: git [--version] [--help] [-C <path>] [-c <name>=<value>]\n           [--exec-path[=<path>]] [--html-path] [--man-path] [--info-path]\n           [-p | --paginate | -P | --no-pager] [--no-replace-objects] [--bare]\n           [--git-dir=<path>] [--work-tree=<path>] [--namespace=<name>]\n           <command> [<args>]\n\nThese are common Git commands used in various situations:\n\nstart a working area (see also: git help tutorial)\n   clone             Clone a repository into a new directory\n   init              Create an empty Git repository or reinitialize an existing one\n\nwork on the current change (see also: git help everyday)\n   add               Add file contents to the index\n   mv                Move or rename a file, a directory, or a symlink\n   restore           Restore working tree files\n   rm                Remove files from the working tree and from the index\n   sparse-checkout   Initialize and modify the sparse-checkout\n\nexamine the history and state (see also: git help revisions)\n   bisect            Use binary search to find the commit that introduced a bug\n   diff              Show changes between commits, commit and working tree, etc\n   grep              Print lines matching a pattern\n   log               Show commit logs\n   show              Show various types of objects\n   status            Show the working tree status\n\ngrow, mark and tweak your common history\n   branch            List, create, or delete branches\n   commit            Record changes to the repository\n   merge             Join two or more development histories together\n   rebase            Reapply commits on top of another base tip\n   reset             Reset current HEAD to the specified state\n   switch            Switch branches\n   tag               Create, list, delete or verify a tag object signed with GPG\n\ncollaborate (see also: git help workflows)\n   fetch             Download objects and refs from another repository\n   pull              Fetch from and integrate with another repository or a local branch\n   push              Update remote refs along with associated objects\n\n'git help -a' and 'git help -g' list available subcommands and some\nconcept guides. See 'git help <command>' or 'git help <concept>'\nto read about a specific subcommand or concept.\nSee 'git help git' for an overview of the system.\n""
[0m01:38:36.632141 [debug] [MainThread]: STDERR: "b''"
[0m01:38:36.633819 [info ] [MainThread]:  - git [[32mOK found[0m]

[0m01:38:36.635643 [info ] [MainThread]: Connection:
[0m01:38:36.637554 [info ] [MainThread]:   host: db_postgres
[0m01:38:36.639174 [info ] [MainThread]:   port: 5432
[0m01:38:36.640542 [info ] [MainThread]:   user: admin
[0m01:38:36.641959 [info ] [MainThread]:   database: spacex_db
[0m01:38:36.643551 [info ] [MainThread]:   schema: public
[0m01:38:36.645032 [info ] [MainThread]:   search_path: None
[0m01:38:36.646470 [info ] [MainThread]:   keepalives_idle: 0
[0m01:38:36.648394 [info ] [MainThread]:   sslmode: None
[0m01:38:36.650814 [debug] [MainThread]: Acquiring new postgres connection 'debug'
[0m01:38:36.652215 [debug] [MainThread]: Using postgres connection "debug"
[0m01:38:36.653490 [debug] [MainThread]: On debug: select 1 as id
[0m01:38:36.654690 [debug] [MainThread]: Opening a new connection, currently in state init
[0m01:38:36.670050 [debug] [MainThread]: SQL status: SELECT 1 in 0.0 seconds
[0m01:38:36.674955 [debug] [MainThread]: On debug: Close
[0m01:38:36.676736 [info ] [MainThread]:   Connection test: [[32mOK connection ok[0m]

[0m01:38:36.681082 [info ] [MainThread]: [32mAll checks passed![0m
[0m01:38:36.685542 [debug] [MainThread]: Command `dbt debug` succeeded at 01:38:36.685303 after 0.25 seconds
[0m01:38:36.686898 [debug] [MainThread]: Connection 'debug' was properly closed.
[0m01:38:36.690564 [debug] [MainThread]: Sending event: {'category': 'dbt', 'action': 'invocation', 'label': 'end', 'context': [<snowplow_tracker.self_describing_json.SelfDescribingJson object at 0x73ad8a584650>, <snowplow_tracker.self_describing_json.SelfDescribingJson object at 0x73ad8a5846d0>, <snowplow_tracker.self_describing_json.SelfDescribingJson object at 0x73ad870c3390>]}
[0m01:38:36.692493 [debug] [MainThread]: Flushing usage events
[0m01:38:47.759318 [debug] [MainThread]: Sending event: {'category': 'dbt', 'action': 'invocation', 'label': 'start', 'context': [<snowplow_tracker.self_describing_json.SelfDescribingJson object at 0x72f2127b68d0>, <snowplow_tracker.self_describing_json.SelfDescribingJson object at 0x72f21391f750>, <snowplow_tracker.self_describing_json.SelfDescribingJson object at 0x72f2127b69d0>]}


============================== 01:38:47.767647 | 2a7cf0b2-7a49-49a4-9cb7-ba295f9bbb60 ==============================
[0m01:38:47.767647 [info ] [MainThread]: Running with dbt=1.5.0
[0m01:38:47.769800 [debug] [MainThread]: running dbt with arguments {'printer_width': '80', 'indirect_selection': 'eager', 'write_json': 'True', 'log_cache_events': 'False', 'partial_parse': 'True', 'cache_selected_only': 'False', 'warn_error': 'None', 'debug': 'False', 'version_check': 'True', 'log_path': '/usr/app/dbt/logs', 'profiles_dir': '/usr/app/dbt', 'fail_fast': 'False', 'use_colors': 'True', 'use_experimental_parser': 'False', 'no_print': 'None', 'quiet': 'False', 'warn_error_options': 'WarnErrorOptions(include=[], exclude=[])', 'introspect': 'True', 'log_format': 'default', 'static_parser': 'True', 'target_path': 'None', 'send_anonymous_usage_stats': 'True'}
[0m01:38:47.899170 [debug] [MainThread]: Sending event: {'category': 'dbt', 'action': 'project_id', 'label': '2a7cf0b2-7a49-49a4-9cb7-ba295f9bbb60', 'context': [<snowplow_tracker.self_describing_json.SelfDescribingJson object at 0x72f210da43d0>]}
[0m01:38:47.917586 [debug] [MainThread]: Sending event: {'category': 'dbt', 'action': 'adapter_info', 'label': '2a7cf0b2-7a49-49a4-9cb7-ba295f9bbb60', 'context': [<snowplow_tracker.self_describing_json.SelfDescribingJson object at 0x72f210d8fa50>]}
[0m01:38:47.934919 [debug] [MainThread]: checksum: 4568eb639a77b8fcb3a1f4a07856f42b1ff63f1376652889143968e1dbdafbda, vars: {}, profile: , target: , version: 1.5.0
[0m01:38:47.943008 [info ] [MainThread]: Unable to do partial parsing because saved manifest not found. Starting full parse.
[0m01:38:47.944755 [debug] [MainThread]: Sending event: {'category': 'dbt', 'action': 'partial_parser', 'label': '2a7cf0b2-7a49-49a4-9cb7-ba295f9bbb60', 'context': [<snowplow_tracker.self_describing_json.SelfDescribingJson object at 0x72f210dce110>]}
[0m01:38:48.838755 [debug] [MainThread]: 1699: static parser successfully parsed marts/fct_launches_performance.sql
[0m01:38:48.858549 [debug] [MainThread]: 1699: static parser successfully parsed staging/stg_launches.sql
[0m01:38:48.934680 [error] [MainThread]: Encountered an error:
Compilation Error
  Model 'model.dbt_spacex.stg_launches' (models/staging/stg_launches.sql) depends on a source named 'spacex_api.launches' which was not found
[0m01:38:48.937745 [debug] [MainThread]: Command `dbt run` failed at 01:38:48.937486 after 1.21 seconds
[0m01:38:48.939064 [debug] [MainThread]: Sending event: {'category': 'dbt', 'action': 'invocation', 'label': 'end', 'context': [<snowplow_tracker.self_describing_json.SelfDescribingJson object at 0x72f2127b68d0>, <snowplow_tracker.self_describing_json.SelfDescribingJson object at 0x72f210dcec90>, <snowplow_tracker.self_describing_json.SelfDescribingJson object at 0x72f2127b72d0>]}
[0m01:38:48.940313 [debug] [MainThread]: Flushing usage events
[0m01:40:10.406330 [debug] [MainThread]: Sending event: {'category': 'dbt', 'action': 'invocation', 'label': 'start', 'context': [<snowplow_tracker.self_describing_json.SelfDescribingJson object at 0x737cd768a610>, <snowplow_tracker.self_describing_json.SelfDescribingJson object at 0x737cd76ae510>, <snowplow_tracker.self_describing_json.SelfDescribingJson object at 0x737cd766f850>]}


============================== 01:40:10.414339 | 399ec763-9a06-4946-9a4a-591a172f8741 ==============================
[0m01:40:10.414339 [info ] [MainThread]: Running with dbt=1.5.0
[0m01:40:10.416249 [debug] [MainThread]: running dbt with arguments {'printer_width': '80', 'indirect_selection': 'eager', 'log_cache_events': 'False', 'write_json': 'True', 'partial_parse': 'True', 'cache_selected_only': 'False', 'profiles_dir': '/usr/app/dbt', 'version_check': 'True', 'fail_fast': 'False', 'log_path': '/usr/app/dbt/logs', 'debug': 'False', 'warn_error': 'None', 'use_colors': 'True', 'use_experimental_parser': 'False', 'no_print': 'None', 'quiet': 'False', 'log_format': 'default', 'static_parser': 'True', 'introspect': 'True', 'warn_error_options': 'WarnErrorOptions(include=[], exclude=[])', 'target_path': 'None', 'send_anonymous_usage_stats': 'True'}
[0m01:40:10.538775 [debug] [MainThread]: Sending event: {'category': 'dbt', 'action': 'project_id', 'label': '399ec763-9a06-4946-9a4a-591a172f8741', 'context': [<snowplow_tracker.self_describing_json.SelfDescribingJson object at 0x737cd7689f90>]}
[0m01:40:10.559496 [debug] [MainThread]: Sending event: {'category': 'dbt', 'action': 'adapter_info', 'label': '399ec763-9a06-4946-9a4a-591a172f8741', 'context': [<snowplow_tracker.self_describing_json.SelfDescribingJson object at 0x737cd8649f90>]}
[0m01:40:10.576294 [debug] [MainThread]: checksum: 4568eb639a77b8fcb3a1f4a07856f42b1ff63f1376652889143968e1dbdafbda, vars: {}, profile: , target: , version: 1.5.0
[0m01:40:10.583739 [info ] [MainThread]: Unable to do partial parsing because saved manifest not found. Starting full parse.
[0m01:40:10.585577 [debug] [MainThread]: Sending event: {'category': 'dbt', 'action': 'partial_parser', 'label': '399ec763-9a06-4946-9a4a-591a172f8741', 'context': [<snowplow_tracker.self_describing_json.SelfDescribingJson object at 0x737cd8dcb350>]}
[0m01:40:11.471358 [debug] [MainThread]: 1699: static parser successfully parsed marts/fct_launches_performance.sql
[0m01:40:11.489820 [debug] [MainThread]: 1699: static parser successfully parsed staging/stg_launches.sql
[0m01:40:11.568615 [error] [MainThread]: Encountered an error:
Compilation Error
  Model 'model.dbt_spacex.fct_launches_performance' (models/marts/fct_launches_performance.sql) depends on a node named 'stg_rockets' which was not found
[0m01:40:11.571002 [debug] [MainThread]: Command `dbt run` failed at 01:40:11.570803 after 1.19 seconds
[0m01:40:11.572647 [debug] [MainThread]: Sending event: {'category': 'dbt', 'action': 'invocation', 'label': 'end', 'context': [<snowplow_tracker.self_describing_json.SelfDescribingJson object at 0x737cd76626d0>, <snowplow_tracker.self_describing_json.SelfDescribingJson object at 0x737cd76adb50>, <snowplow_tracker.self_describing_json.SelfDescribingJson object at 0x737cdacc0410>]}
[0m01:40:11.574114 [debug] [MainThread]: Flushing usage events
[0m01:40:52.375875 [debug] [MainThread]: Sending event: {'category': 'dbt', 'action': 'invocation', 'label': 'start', 'context': [<snowplow_tracker.self_describing_json.SelfDescribingJson object at 0x75a398842690>, <snowplow_tracker.self_describing_json.SelfDescribingJson object at 0x75a398862410>, <snowplow_tracker.self_describing_json.SelfDescribingJson object at 0x75a398842790>]}


============================== 01:40:52.384815 | 00e30f3e-d623-463a-846f-37b8309de498 ==============================
[0m01:40:52.384815 [info ] [MainThread]: Running with dbt=1.5.0
[0m01:40:52.386536 [debug] [MainThread]: running dbt with arguments {'printer_width': '80', 'indirect_selection': 'eager', 'log_cache_events': 'False', 'write_json': 'True', 'partial_parse': 'True', 'cache_selected_only': 'False', 'profiles_dir': '/usr/app/dbt', 'version_check': 'True', 'debug': 'False', 'log_path': '/usr/app/dbt/logs', 'warn_error': 'None', 'fail_fast': 'False', 'use_colors': 'True', 'use_experimental_parser': 'False', 'no_print': 'None', 'quiet': 'False', 'log_format': 'default', 'static_parser': 'True', 'introspect': 'True', 'warn_error_options': 'WarnErrorOptions(include=[], exclude=[])', 'target_path': 'None', 'send_anonymous_usage_stats': 'True'}
[0m01:40:52.512327 [debug] [MainThread]: Sending event: {'category': 'dbt', 'action': 'project_id', 'label': '00e30f3e-d623-463a-846f-37b8309de498', 'context': [<snowplow_tracker.self_describing_json.SelfDescribingJson object at 0x75a398842d90>]}
[0m01:40:52.531515 [debug] [MainThread]: Sending event: {'category': 'dbt', 'action': 'adapter_info', 'label': '00e30f3e-d623-463a-846f-37b8309de498', 'context': [<snowplow_tracker.self_describing_json.SelfDescribingJson object at 0x75a3988efe50>]}
[0m01:40:52.548135 [debug] [MainThread]: checksum: 4568eb639a77b8fcb3a1f4a07856f42b1ff63f1376652889143968e1dbdafbda, vars: {}, profile: , target: , version: 1.5.0
[0m01:40:52.555104 [info ] [MainThread]: Unable to do partial parsing because saved manifest not found. Starting full parse.
[0m01:40:52.558388 [debug] [MainThread]: Sending event: {'category': 'dbt', 'action': 'partial_parser', 'label': '00e30f3e-d623-463a-846f-37b8309de498', 'context': [<snowplow_tracker.self_describing_json.SelfDescribingJson object at 0x75a396e31f50>]}
[0m01:40:53.470738 [debug] [MainThread]: 1699: static parser successfully parsed marts/fct_launches_performance.sql
[0m01:40:53.488847 [debug] [MainThread]: 1699: static parser successfully parsed staging/stg_launches.sql
[0m01:40:53.602529 [debug] [MainThread]: Sending event: {'category': 'dbt', 'action': 'load_project', 'label': '00e30f3e-d623-463a-846f-37b8309de498', 'context': [<snowplow_tracker.self_describing_json.SelfDescribingJson object at 0x75a396e6af10>]}
[0m01:40:53.626491 [debug] [MainThread]: Sending event: {'category': 'dbt', 'action': 'resource_counts', 'label': '00e30f3e-d623-463a-846f-37b8309de498', 'context': [<snowplow_tracker.self_describing_json.SelfDescribingJson object at 0x75a3965a2bd0>]}
[0m01:40:53.627805 [info ] [MainThread]: Found 2 models, 3 tests, 0 snapshots, 0 analyses, 307 macros, 0 operations, 0 seed files, 2 sources, 0 exposures, 0 metrics, 0 groups
[0m01:40:53.629196 [debug] [MainThread]: Sending event: {'category': 'dbt', 'action': 'runnable_timing', 'label': '00e30f3e-d623-463a-846f-37b8309de498', 'context': [<snowplow_tracker.self_describing_json.SelfDescribingJson object at 0x75a3989fea10>]}
[0m01:40:53.632572 [info ] [MainThread]: 
[0m01:40:53.634892 [debug] [MainThread]: Acquiring new postgres connection 'master'
[0m01:40:53.638005 [debug] [ThreadPool]: Acquiring new postgres connection 'list_spacex_db'
[0m01:40:53.652220 [debug] [ThreadPool]: Using postgres connection "list_spacex_db"
[0m01:40:53.654348 [debug] [ThreadPool]: On list_spacex_db: /* {"app": "dbt", "dbt_version": "1.5.0", "profile_name": "spacex_project", "target_name": "dev", "connection_name": "list_spacex_db"} */

    select distinct nspname from pg_namespace
  
[0m01:40:53.656818 [debug] [ThreadPool]: Opening a new connection, currently in state init
[0m01:40:53.674412 [debug] [ThreadPool]: SQL status: SELECT 5 in 0.0 seconds
[0m01:40:53.677592 [debug] [ThreadPool]: On list_spacex_db: Close
[0m01:40:53.680935 [debug] [ThreadPool]: Re-using an available connection from the pool (formerly list_spacex_db, now list_spacex_db_public)
[0m01:40:53.688343 [debug] [ThreadPool]: Using postgres connection "list_spacex_db_public"
[0m01:40:53.689733 [debug] [ThreadPool]: On list_spacex_db_public: BEGIN
[0m01:40:53.691287 [debug] [ThreadPool]: Opening a new connection, currently in state closed
[0m01:40:53.703139 [debug] [ThreadPool]: SQL status: BEGIN in 0.0 seconds
[0m01:40:53.704670 [debug] [ThreadPool]: Using postgres connection "list_spacex_db_public"
[0m01:40:53.705929 [debug] [ThreadPool]: On list_spacex_db_public: /* {"app": "dbt", "dbt_version": "1.5.0", "profile_name": "spacex_project", "target_name": "dev", "connection_name": "list_spacex_db_public"} */
select
      'spacex_db' as database,
      tablename as name,
      schemaname as schema,
      'table' as type
    from pg_tables
    where schemaname ilike 'public'
    union all
    select
      'spacex_db' as database,
      viewname as name,
      schemaname as schema,
      'view' as type
    from pg_views
    where schemaname ilike 'public'
  
[0m01:40:53.711910 [debug] [ThreadPool]: SQL status: SELECT 0 in 0.0 seconds
[0m01:40:53.714680 [debug] [ThreadPool]: On list_spacex_db_public: ROLLBACK
[0m01:40:53.716103 [debug] [ThreadPool]: On list_spacex_db_public: Close
[0m01:40:53.722400 [debug] [MainThread]: Using postgres connection "master"
[0m01:40:53.724193 [debug] [MainThread]: On master: BEGIN
[0m01:40:53.725778 [debug] [MainThread]: Opening a new connection, currently in state init
[0m01:40:53.737221 [debug] [MainThread]: SQL status: BEGIN in 0.0 seconds
[0m01:40:53.738794 [debug] [MainThread]: Using postgres connection "master"
[0m01:40:53.740365 [debug] [MainThread]: On master: /* {"app": "dbt", "dbt_version": "1.5.0", "profile_name": "spacex_project", "target_name": "dev", "connection_name": "master"} */
with relation as (
        select
            pg_rewrite.ev_class as class,
            pg_rewrite.oid as id
        from pg_rewrite
    ),
    class as (
        select
            oid as id,
            relname as name,
            relnamespace as schema,
            relkind as kind
        from pg_class
    ),
    dependency as (
        select distinct
            pg_depend.objid as id,
            pg_depend.refobjid as ref
        from pg_depend
    ),
    schema as (
        select
            pg_namespace.oid as id,
            pg_namespace.nspname as name
        from pg_namespace
        where nspname != 'information_schema' and nspname not like 'pg\_%'
    ),
    referenced as (
        select
            relation.id AS id,
            referenced_class.name ,
            referenced_class.schema ,
            referenced_class.kind
        from relation
        join class as referenced_class on relation.class=referenced_class.id
        where referenced_class.kind in ('r', 'v')
    ),
    relationships as (
        select
            referenced.name as referenced_name,
            referenced.schema as referenced_schema_id,
            dependent_class.name as dependent_name,
            dependent_class.schema as dependent_schema_id,
            referenced.kind as kind
        from referenced
        join dependency on referenced.id=dependency.id
        join class as dependent_class on dependency.ref=dependent_class.id
        where
            (referenced.name != dependent_class.name or
             referenced.schema != dependent_class.schema)
    )

    select
        referenced_schema.name as referenced_schema,
        relationships.referenced_name as referenced_name,
        dependent_schema.name as dependent_schema,
        relationships.dependent_name as dependent_name
    from relationships
    join schema as dependent_schema on relationships.dependent_schema_id=dependent_schema.id
    join schema as referenced_schema on relationships.referenced_schema_id=referenced_schema.id
    group by referenced_schema, referenced_name, dependent_schema, dependent_name
    order by referenced_schema, referenced_name, dependent_schema, dependent_name;
[0m01:40:53.747544 [debug] [MainThread]: SQL status: SELECT 0 in 0.0 seconds
[0m01:40:53.749920 [debug] [MainThread]: Sending event: {'category': 'dbt', 'action': 'runnable_timing', 'label': '00e30f3e-d623-463a-846f-37b8309de498', 'context': [<snowplow_tracker.self_describing_json.SelfDescribingJson object at 0x75a396e97910>]}
[0m01:40:53.751283 [debug] [MainThread]: On master: ROLLBACK
[0m01:40:53.752742 [debug] [MainThread]: Using postgres connection "master"
[0m01:40:53.753894 [debug] [MainThread]: On master: BEGIN
[0m01:40:53.755594 [debug] [MainThread]: SQL status: BEGIN in 0.0 seconds
[0m01:40:53.756932 [debug] [MainThread]: On master: COMMIT
[0m01:40:53.758120 [debug] [MainThread]: Using postgres connection "master"
[0m01:40:53.759252 [debug] [MainThread]: On master: COMMIT
[0m01:40:53.760589 [debug] [MainThread]: SQL status: COMMIT in 0.0 seconds
[0m01:40:53.761724 [debug] [MainThread]: On master: Close
[0m01:40:53.763320 [info ] [MainThread]: Concurrency: 4 threads (target='dev')
[0m01:40:53.766507 [info ] [MainThread]: 
[0m01:40:53.793367 [debug] [Thread-1 (]: Began running node model.dbt_spacex.stg_launches
[0m01:40:53.795549 [info ] [Thread-1 (]: 1 of 2 START sql view model public.stg_launches ................................ [RUN]
[0m01:40:53.797685 [debug] [Thread-1 (]: Re-using an available connection from the pool (formerly list_spacex_db_public, now model.dbt_spacex.stg_launches)
[0m01:40:53.799080 [debug] [Thread-1 (]: Began compiling node model.dbt_spacex.stg_launches
[0m01:40:53.803627 [debug] [Thread-1 (]: Writing injected SQL for node "model.dbt_spacex.stg_launches"
[0m01:40:53.830110 [debug] [Thread-1 (]: Timing info for model.dbt_spacex.stg_launches (compile): 01:40:53.800444 => 01:40:53.829650
[0m01:40:53.831656 [debug] [Thread-1 (]: Began executing node model.dbt_spacex.stg_launches
[0m01:40:53.876969 [debug] [Thread-1 (]: Writing runtime sql for node "model.dbt_spacex.stg_launches"
[0m01:40:53.901337 [debug] [Thread-1 (]: Using postgres connection "model.dbt_spacex.stg_launches"
[0m01:40:53.902647 [debug] [Thread-1 (]: On model.dbt_spacex.stg_launches: BEGIN
[0m01:40:53.903813 [debug] [Thread-1 (]: Opening a new connection, currently in state closed
[0m01:40:53.915234 [debug] [Thread-1 (]: SQL status: BEGIN in 0.0 seconds
[0m01:40:53.916768 [debug] [Thread-1 (]: Using postgres connection "model.dbt_spacex.stg_launches"
[0m01:40:53.918065 [debug] [Thread-1 (]: On model.dbt_spacex.stg_launches: /* {"app": "dbt", "dbt_version": "1.5.0", "profile_name": "spacex_project", "target_name": "dev", "node_id": "model.dbt_spacex.stg_launches"} */

  create view "spacex_db"."public"."stg_launches__dbt_tmp"
    
    
  as (
    

WITH raw_data AS (
    -- O nome dentro do source() deve bater com o 'name' do arquivo .yml acima
    SELECT 
        id as mission_id,
        name as mission_name,
        CAST(date_utc AS TIMESTAMP) as launch_date,
        success as is_success,
        rocket as rocket_id
    FROM "spacex_db"."raw"."Spacex_launches"
)

SELECT * FROM raw_data
  );
[0m01:40:53.922095 [debug] [Thread-1 (]: SQL status: CREATE VIEW in 0.0 seconds
[0m01:40:53.930043 [debug] [Thread-1 (]: Using postgres connection "model.dbt_spacex.stg_launches"
[0m01:40:53.931664 [debug] [Thread-1 (]: On model.dbt_spacex.stg_launches: /* {"app": "dbt", "dbt_version": "1.5.0", "profile_name": "spacex_project", "target_name": "dev", "node_id": "model.dbt_spacex.stg_launches"} */
alter table "spacex_db"."public"."stg_launches__dbt_tmp" rename to "stg_launches"
[0m01:40:53.933645 [debug] [Thread-1 (]: SQL status: ALTER TABLE in 0.0 seconds
[0m01:40:53.953667 [debug] [Thread-1 (]: On model.dbt_spacex.stg_launches: COMMIT
[0m01:40:53.955546 [debug] [Thread-1 (]: Using postgres connection "model.dbt_spacex.stg_launches"
[0m01:40:53.957153 [debug] [Thread-1 (]: On model.dbt_spacex.stg_launches: COMMIT
[0m01:40:53.960847 [debug] [Thread-1 (]: SQL status: COMMIT in 0.0 seconds
[0m01:40:53.967481 [debug] [Thread-1 (]: Using postgres connection "model.dbt_spacex.stg_launches"
[0m01:40:53.968994 [debug] [Thread-1 (]: On model.dbt_spacex.stg_launches: /* {"app": "dbt", "dbt_version": "1.5.0", "profile_name": "spacex_project", "target_name": "dev", "node_id": "model.dbt_spacex.stg_launches"} */
drop view if exists "spacex_db"."public"."stg_launches__dbt_backup" cascade
[0m01:40:53.970913 [debug] [Thread-1 (]: SQL status: DROP VIEW in 0.0 seconds
[0m01:40:53.974252 [debug] [Thread-1 (]: Timing info for model.dbt_spacex.stg_launches (execute): 01:40:53.832858 => 01:40:53.973911
[0m01:40:53.975699 [debug] [Thread-1 (]: On model.dbt_spacex.stg_launches: Close
[0m01:40:53.977467 [debug] [Thread-1 (]: Sending event: {'category': 'dbt', 'action': 'run_model', 'label': '00e30f3e-d623-463a-846f-37b8309de498', 'context': [<snowplow_tracker.self_describing_json.SelfDescribingJson object at 0x75a3989f3c90>]}
[0m01:40:53.980712 [info ] [Thread-1 (]: 1 of 2 OK created sql view model public.stg_launches ........................... [[32mCREATE VIEW[0m in 0.18s]
[0m01:40:53.982843 [debug] [Thread-1 (]: Finished running node model.dbt_spacex.stg_launches
[0m01:40:53.985499 [debug] [Thread-3 (]: Began running node model.dbt_spacex.fct_launches_performance
[0m01:40:53.986999 [info ] [Thread-3 (]: 2 of 2 START sql table model public.fct_launches_performance ................... [RUN]
[0m01:40:53.989048 [debug] [Thread-3 (]: Acquiring new postgres connection 'model.dbt_spacex.fct_launches_performance'
[0m01:40:53.990608 [debug] [Thread-3 (]: Began compiling node model.dbt_spacex.fct_launches_performance
[0m01:40:53.995630 [debug] [Thread-3 (]: Writing injected SQL for node "model.dbt_spacex.fct_launches_performance"
[0m01:40:54.021136 [debug] [Thread-3 (]: Timing info for model.dbt_spacex.fct_launches_performance (compile): 01:40:53.992299 => 01:40:54.020685
[0m01:40:54.022465 [debug] [Thread-3 (]: Began executing node model.dbt_spacex.fct_launches_performance
[0m01:40:54.052930 [debug] [Thread-3 (]: Writing runtime sql for node "model.dbt_spacex.fct_launches_performance"
[0m01:40:54.071262 [debug] [Thread-3 (]: Using postgres connection "model.dbt_spacex.fct_launches_performance"
[0m01:40:54.073121 [debug] [Thread-3 (]: On model.dbt_spacex.fct_launches_performance: BEGIN
[0m01:40:54.075008 [debug] [Thread-3 (]: Opening a new connection, currently in state init
[0m01:40:54.087571 [debug] [Thread-3 (]: SQL status: BEGIN in 0.0 seconds
[0m01:40:54.089285 [debug] [Thread-3 (]: Using postgres connection "model.dbt_spacex.fct_launches_performance"
[0m01:40:54.090820 [debug] [Thread-3 (]: On model.dbt_spacex.fct_launches_performance: /* {"app": "dbt", "dbt_version": "1.5.0", "profile_name": "spacex_project", "target_name": "dev", "node_id": "model.dbt_spacex.fct_launches_performance"} */

  
    

  create  table "spacex_db"."public"."fct_launches_performance__dbt_tmp"
  
  
    as
  
  (
    

WITH launches AS (
    SELECT * FROM "spacex_db"."public"."stg_launches"
)

SELECT
    mission_id,
    mission_name,
    launch_date,
    is_success,
    -- Como não temos o stg_rockets ainda, removemos o JOIN
    rocket_id
FROM launches
  );
  
[0m01:40:54.100628 [debug] [Thread-3 (]: SQL status: SELECT 205 in 0.0 seconds
[0m01:40:54.105675 [debug] [Thread-3 (]: Using postgres connection "model.dbt_spacex.fct_launches_performance"
[0m01:40:54.107414 [debug] [Thread-3 (]: On model.dbt_spacex.fct_launches_performance: /* {"app": "dbt", "dbt_version": "1.5.0", "profile_name": "spacex_project", "target_name": "dev", "node_id": "model.dbt_spacex.fct_launches_performance"} */
alter table "spacex_db"."public"."fct_launches_performance__dbt_tmp" rename to "fct_launches_performance"
[0m01:40:54.109442 [debug] [Thread-3 (]: SQL status: ALTER TABLE in 0.0 seconds
[0m01:40:54.116767 [debug] [Thread-3 (]: On model.dbt_spacex.fct_launches_performance: COMMIT
[0m01:40:54.118394 [debug] [Thread-3 (]: Using postgres connection "model.dbt_spacex.fct_launches_performance"
[0m01:40:54.119681 [debug] [Thread-3 (]: On model.dbt_spacex.fct_launches_performance: COMMIT
[0m01:40:54.122686 [debug] [Thread-3 (]: SQL status: COMMIT in 0.0 seconds
[0m01:40:54.127056 [debug] [Thread-3 (]: Using postgres connection "model.dbt_spacex.fct_launches_performance"
[0m01:40:54.128700 [debug] [Thread-3 (]: On model.dbt_spacex.fct_launches_performance: /* {"app": "dbt", "dbt_version": "1.5.0", "profile_name": "spacex_project", "target_name": "dev", "node_id": "model.dbt_spacex.fct_launches_performance"} */
drop table if exists "spacex_db"."public"."fct_launches_performance__dbt_backup" cascade
[0m01:40:54.130654 [debug] [Thread-3 (]: SQL status: DROP TABLE in 0.0 seconds
[0m01:40:54.133661 [debug] [Thread-3 (]: Timing info for model.dbt_spacex.fct_launches_performance (execute): 01:40:54.023599 => 01:40:54.133365
[0m01:40:54.134981 [debug] [Thread-3 (]: On model.dbt_spacex.fct_launches_performance: Close
[0m01:40:54.136749 [debug] [Thread-3 (]: Sending event: {'category': 'dbt', 'action': 'run_model', 'label': '00e30f3e-d623-463a-846f-37b8309de498', 'context': [<snowplow_tracker.self_describing_json.SelfDescribingJson object at 0x75a396e922d0>]}
[0m01:40:54.140753 [info ] [Thread-3 (]: 2 of 2 OK created sql table model public.fct_launches_performance .............. [[32mSELECT 205[0m in 0.15s]
[0m01:40:54.145981 [debug] [Thread-3 (]: Finished running node model.dbt_spacex.fct_launches_performance
[0m01:40:54.150938 [debug] [MainThread]: Using postgres connection "master"
[0m01:40:54.152403 [debug] [MainThread]: On master: BEGIN
[0m01:40:54.153648 [debug] [MainThread]: Opening a new connection, currently in state closed
[0m01:40:54.168009 [debug] [MainThread]: SQL status: BEGIN in 0.0 seconds
[0m01:40:54.169557 [debug] [MainThread]: On master: COMMIT
[0m01:40:54.170565 [debug] [MainThread]: Using postgres connection "master"
[0m01:40:54.171560 [debug] [MainThread]: On master: COMMIT
[0m01:40:54.172911 [debug] [MainThread]: SQL status: COMMIT in 0.0 seconds
[0m01:40:54.174110 [debug] [MainThread]: On master: Close
[0m01:40:54.176393 [debug] [MainThread]: Connection 'master' was properly closed.
[0m01:40:54.178107 [debug] [MainThread]: Connection 'model.dbt_spacex.stg_launches' was properly closed.
[0m01:40:54.179644 [debug] [MainThread]: Connection 'model.dbt_spacex.fct_launches_performance' was properly closed.
[0m01:40:54.181685 [info ] [MainThread]: 
[0m01:40:54.183777 [info ] [MainThread]: Finished running 1 view model, 1 table model in 0 hours 0 minutes and 0.55 seconds (0.55s).
[0m01:40:54.186453 [debug] [MainThread]: Command end result
[0m01:40:54.208760 [info ] [MainThread]: 
[0m01:40:54.210676 [info ] [MainThread]: [32mCompleted successfully[0m
[0m01:40:54.212649 [info ] [MainThread]: 
[0m01:40:54.215076 [info ] [MainThread]: Done. PASS=2 WARN=0 ERROR=0 SKIP=0 TOTAL=2
[0m01:40:54.217713 [debug] [MainThread]: Command `dbt run` succeeded at 01:40:54.217467 after 1.87 seconds
[0m01:40:54.219596 [debug] [MainThread]: Sending event: {'category': 'dbt', 'action': 'invocation', 'label': 'end', 'context': [<snowplow_tracker.self_describing_json.SelfDescribingJson object at 0x75a39884b710>, <snowplow_tracker.self_describing_json.SelfDescribingJson object at 0x75a396e87550>, <snowplow_tracker.self_describing_json.SelfDescribingJson object at 0x75a39bd88650>]}
[0m01:40:54.221324 [debug] [MainThread]: Flushing usage events
[0m01:41:33.323090 [debug] [MainThread]: Sending event: {'category': 'dbt', 'action': 'invocation', 'label': 'start', 'context': [<snowplow_tracker.self_describing_json.SelfDescribingJson object at 0x789f5263e6d0>, <snowplow_tracker.self_describing_json.SelfDescribingJson object at 0x789f5263e5d0>, <snowplow_tracker.self_describing_json.SelfDescribingJson object at 0x789f5263ed90>]}


============================== 01:41:33.331716 | cfe33d6a-e0b4-43ab-885f-77ca41fa5567 ==============================
[0m01:41:33.331716 [info ] [MainThread]: Running with dbt=1.5.0
[0m01:41:33.333604 [debug] [MainThread]: running dbt with arguments {'printer_width': '80', 'indirect_selection': 'eager', 'write_json': 'True', 'log_cache_events': 'False', 'partial_parse': 'True', 'cache_selected_only': 'False', 'profiles_dir': '/usr/app/dbt', 'version_check': 'True', 'debug': 'False', 'log_path': '/usr/app/dbt/logs', 'warn_error': 'None', 'fail_fast': 'False', 'use_colors': 'True', 'use_experimental_parser': 'False', 'no_print': 'None', 'quiet': 'False', 'warn_error_options': 'WarnErrorOptions(include=[], exclude=[])', 'static_parser': 'True', 'introspect': 'True', 'log_format': 'default', 'target_path': 'None', 'send_anonymous_usage_stats': 'True'}
[0m01:41:33.616983 [debug] [MainThread]: Sending event: {'category': 'dbt', 'action': 'project_id', 'label': 'cfe33d6a-e0b4-43ab-885f-77ca41fa5567', 'context': [<snowplow_tracker.self_describing_json.SelfDescribingJson object at 0x789f5263ea50>]}
[0m01:41:33.640850 [debug] [MainThread]: Sending event: {'category': 'dbt', 'action': 'adapter_info', 'label': 'cfe33d6a-e0b4-43ab-885f-77ca41fa5567', 'context': [<snowplow_tracker.self_describing_json.SelfDescribingJson object at 0x789f526ebc10>]}
[0m01:41:33.674258 [debug] [MainThread]: checksum: 4568eb639a77b8fcb3a1f4a07856f42b1ff63f1376652889143968e1dbdafbda, vars: {}, profile: , target: , version: 1.5.0
[0m01:41:33.850407 [debug] [MainThread]: Partial parsing enabled: 0 files deleted, 0 files added, 0 files changed.
[0m01:41:33.852249 [debug] [MainThread]: Partial parsing enabled, no changes found, skipping parsing
[0m01:41:33.863617 [debug] [MainThread]: Sending event: {'category': 'dbt', 'action': 'load_project', 'label': 'cfe33d6a-e0b4-43ab-885f-77ca41fa5567', 'context': [<snowplow_tracker.self_describing_json.SelfDescribingJson object at 0x789f5263f210>]}
[0m01:41:33.890631 [debug] [MainThread]: Sending event: {'category': 'dbt', 'action': 'resource_counts', 'label': 'cfe33d6a-e0b4-43ab-885f-77ca41fa5567', 'context': [<snowplow_tracker.self_describing_json.SelfDescribingJson object at 0x789f50c25850>]}
[0m01:41:33.892234 [info ] [MainThread]: Found 2 models, 3 tests, 0 snapshots, 0 analyses, 307 macros, 0 operations, 0 seed files, 2 sources, 0 exposures, 0 metrics, 0 groups
[0m01:41:33.894524 [debug] [MainThread]: Sending event: {'category': 'dbt', 'action': 'runnable_timing', 'label': 'cfe33d6a-e0b4-43ab-885f-77ca41fa5567', 'context': [<snowplow_tracker.self_describing_json.SelfDescribingJson object at 0x789f50c27690>]}
[0m01:41:33.897818 [info ] [MainThread]: 
[0m01:41:33.900582 [debug] [MainThread]: Acquiring new postgres connection 'master'
[0m01:41:33.903967 [debug] [ThreadPool]: Acquiring new postgres connection 'list_spacex_db_public'
[0m01:41:33.924271 [debug] [ThreadPool]: Using postgres connection "list_spacex_db_public"
[0m01:41:34.018619 [debug] [ThreadPool]: On list_spacex_db_public: BEGIN
[0m01:41:34.043980 [debug] [ThreadPool]: Opening a new connection, currently in state init
[0m01:41:34.065234 [debug] [ThreadPool]: SQL status: BEGIN in 0.0 seconds
[0m01:41:34.077788 [debug] [ThreadPool]: Using postgres connection "list_spacex_db_public"
[0m01:41:34.079113 [debug] [ThreadPool]: On list_spacex_db_public: /* {"app": "dbt", "dbt_version": "1.5.0", "profile_name": "spacex_project", "target_name": "dev", "connection_name": "list_spacex_db_public"} */
select
      'spacex_db' as database,
      tablename as name,
      schemaname as schema,
      'table' as type
    from pg_tables
    where schemaname ilike 'public'
    union all
    select
      'spacex_db' as database,
      viewname as name,
      schemaname as schema,
      'view' as type
    from pg_views
    where schemaname ilike 'public'
  
[0m01:41:34.083964 [debug] [ThreadPool]: SQL status: SELECT 2 in 0.0 seconds
[0m01:41:34.086793 [debug] [ThreadPool]: On list_spacex_db_public: ROLLBACK
[0m01:41:34.088593 [debug] [ThreadPool]: On list_spacex_db_public: Close
[0m01:41:34.095530 [debug] [MainThread]: Using postgres connection "master"
[0m01:41:34.097018 [debug] [MainThread]: On master: BEGIN
[0m01:41:34.098296 [debug] [MainThread]: Opening a new connection, currently in state init
[0m01:41:34.111286 [debug] [MainThread]: SQL status: BEGIN in 0.0 seconds
[0m01:41:34.112765 [debug] [MainThread]: Using postgres connection "master"
[0m01:41:34.113928 [debug] [MainThread]: On master: /* {"app": "dbt", "dbt_version": "1.5.0", "profile_name": "spacex_project", "target_name": "dev", "connection_name": "master"} */
with relation as (
        select
            pg_rewrite.ev_class as class,
            pg_rewrite.oid as id
        from pg_rewrite
    ),
    class as (
        select
            oid as id,
            relname as name,
            relnamespace as schema,
            relkind as kind
        from pg_class
    ),
    dependency as (
        select distinct
            pg_depend.objid as id,
            pg_depend.refobjid as ref
        from pg_depend
    ),
    schema as (
        select
            pg_namespace.oid as id,
            pg_namespace.nspname as name
        from pg_namespace
        where nspname != 'information_schema' and nspname not like 'pg\_%'
    ),
    referenced as (
        select
            relation.id AS id,
            referenced_class.name ,
            referenced_class.schema ,
            referenced_class.kind
        from relation
        join class as referenced_class on relation.class=referenced_class.id
        where referenced_class.kind in ('r', 'v')
    ),
    relationships as (
        select
            referenced.name as referenced_name,
            referenced.schema as referenced_schema_id,
            dependent_class.name as dependent_name,
            dependent_class.schema as dependent_schema_id,
            referenced.kind as kind
        from referenced
        join dependency on referenced.id=dependency.id
        join class as dependent_class on dependency.ref=dependent_class.id
        where
            (referenced.name != dependent_class.name or
             referenced.schema != dependent_class.schema)
    )

    select
        referenced_schema.name as referenced_schema,
        relationships.referenced_name as referenced_name,
        dependent_schema.name as dependent_schema,
        relationships.dependent_name as dependent_name
    from relationships
    join schema as dependent_schema on relationships.dependent_schema_id=dependent_schema.id
    join schema as referenced_schema on relationships.referenced_schema_id=referenced_schema.id
    group by referenced_schema, referenced_name, dependent_schema, dependent_name
    order by referenced_schema, referenced_name, dependent_schema, dependent_name;
[0m01:41:34.121946 [debug] [MainThread]: SQL status: SELECT 1 in 0.0 seconds
[0m01:41:34.124795 [debug] [MainThread]: Sending event: {'category': 'dbt', 'action': 'runnable_timing', 'label': 'cfe33d6a-e0b4-43ab-885f-77ca41fa5567', 'context': [<snowplow_tracker.self_describing_json.SelfDescribingJson object at 0x789f50c4ff10>]}
[0m01:41:34.126220 [debug] [MainThread]: On master: ROLLBACK
[0m01:41:34.127767 [debug] [MainThread]: Using postgres connection "master"
[0m01:41:34.129027 [debug] [MainThread]: On master: BEGIN
[0m01:41:34.130557 [debug] [MainThread]: SQL status: BEGIN in 0.0 seconds
[0m01:41:34.131622 [debug] [MainThread]: On master: COMMIT
[0m01:41:34.132643 [debug] [MainThread]: Using postgres connection "master"
[0m01:41:34.133647 [debug] [MainThread]: On master: COMMIT
[0m01:41:34.134868 [debug] [MainThread]: SQL status: COMMIT in 0.0 seconds
[0m01:41:34.136073 [debug] [MainThread]: On master: Close
[0m01:41:34.137718 [info ] [MainThread]: Concurrency: 4 threads (target='dev')
[0m01:41:34.140326 [info ] [MainThread]: 
[0m01:41:34.165178 [debug] [Thread-1 (]: Began running node test.dbt_spacex.not_null_stg_launches_launch_date.aeb442a742
[0m01:41:34.165808 [debug] [Thread-2 (]: Began running node test.dbt_spacex.not_null_stg_launches_mission_id.31ede09dcc
[0m01:41:34.166348 [debug] [Thread-3 (]: Began running node test.dbt_spacex.unique_stg_launches_mission_id.cfa345d665
[0m01:41:34.167459 [info ] [Thread-1 (]: 1 of 3 START test not_null_stg_launches_launch_date ............................ [RUN]
[0m01:41:34.169331 [info ] [Thread-2 (]: 2 of 3 START test not_null_stg_launches_mission_id ............................. [RUN]
[0m01:41:34.173701 [info ] [Thread-3 (]: 3 of 3 START test unique_stg_launches_mission_id ............................... [RUN]
[0m01:41:34.176438 [debug] [Thread-1 (]: Re-using an available connection from the pool (formerly list_spacex_db_public, now test.dbt_spacex.not_null_stg_launches_launch_date.aeb442a742)
[0m01:41:34.181367 [debug] [Thread-2 (]: Acquiring new postgres connection 'test.dbt_spacex.not_null_stg_launches_mission_id.31ede09dcc'
[0m01:41:34.183370 [debug] [Thread-3 (]: Acquiring new postgres connection 'test.dbt_spacex.unique_stg_launches_mission_id.cfa345d665'
[0m01:41:34.185099 [debug] [Thread-1 (]: Began compiling node test.dbt_spacex.not_null_stg_launches_launch_date.aeb442a742
[0m01:41:34.186839 [debug] [Thread-2 (]: Began compiling node test.dbt_spacex.not_null_stg_launches_mission_id.31ede09dcc
[0m01:41:34.188890 [debug] [Thread-3 (]: Began compiling node test.dbt_spacex.unique_stg_launches_mission_id.cfa345d665
[0m01:41:34.208751 [debug] [Thread-1 (]: Writing injected SQL for node "test.dbt_spacex.not_null_stg_launches_launch_date.aeb442a742"
[0m01:41:34.254912 [debug] [Thread-2 (]: Writing injected SQL for node "test.dbt_spacex.not_null_stg_launches_mission_id.31ede09dcc"
[0m01:41:34.263554 [debug] [Thread-3 (]: Writing injected SQL for node "test.dbt_spacex.unique_stg_launches_mission_id.cfa345d665"
[0m01:41:34.274296 [debug] [Thread-2 (]: Timing info for test.dbt_spacex.not_null_stg_launches_mission_id.31ede09dcc (compile): 01:41:34.209539 => 01:41:34.273842
[0m01:41:34.275707 [debug] [Thread-2 (]: Began executing node test.dbt_spacex.not_null_stg_launches_mission_id.31ede09dcc
[0m01:41:34.276416 [debug] [Thread-1 (]: Timing info for test.dbt_spacex.not_null_stg_launches_launch_date.aeb442a742 (compile): 01:41:34.190073 => 01:41:34.276085
[0m01:41:34.283123 [debug] [Thread-3 (]: Timing info for test.dbt_spacex.unique_stg_launches_mission_id.cfa345d665 (compile): 01:41:34.255956 => 01:41:34.282677
[0m01:41:34.295257 [debug] [Thread-2 (]: Writing runtime sql for node "test.dbt_spacex.not_null_stg_launches_mission_id.31ede09dcc"
[0m01:41:34.296173 [debug] [Thread-1 (]: Began executing node test.dbt_spacex.not_null_stg_launches_launch_date.aeb442a742
[0m01:41:34.297593 [debug] [Thread-3 (]: Began executing node test.dbt_spacex.unique_stg_launches_mission_id.cfa345d665
[0m01:41:34.301904 [debug] [Thread-1 (]: Writing runtime sql for node "test.dbt_spacex.not_null_stg_launches_launch_date.aeb442a742"
[0m01:41:34.305232 [debug] [Thread-3 (]: Writing runtime sql for node "test.dbt_spacex.unique_stg_launches_mission_id.cfa345d665"
[0m01:41:34.312725 [debug] [Thread-2 (]: Using postgres connection "test.dbt_spacex.not_null_stg_launches_mission_id.31ede09dcc"
[0m01:41:34.314178 [debug] [Thread-2 (]: On test.dbt_spacex.not_null_stg_launches_mission_id.31ede09dcc: BEGIN
[0m01:41:34.314661 [debug] [Thread-1 (]: Using postgres connection "test.dbt_spacex.not_null_stg_launches_launch_date.aeb442a742"
[0m01:41:34.315705 [debug] [Thread-2 (]: Opening a new connection, currently in state init
[0m01:41:34.317060 [debug] [Thread-1 (]: On test.dbt_spacex.not_null_stg_launches_launch_date.aeb442a742: BEGIN
[0m01:41:34.317572 [debug] [Thread-3 (]: Using postgres connection "test.dbt_spacex.unique_stg_launches_mission_id.cfa345d665"
[0m01:41:34.320272 [debug] [Thread-1 (]: Opening a new connection, currently in state closed
[0m01:41:34.321839 [debug] [Thread-3 (]: On test.dbt_spacex.unique_stg_launches_mission_id.cfa345d665: BEGIN
[0m01:41:34.325001 [debug] [Thread-3 (]: Opening a new connection, currently in state init
[0m01:41:34.330181 [debug] [Thread-2 (]: SQL status: BEGIN in 0.0 seconds
[0m01:41:34.331873 [debug] [Thread-2 (]: Using postgres connection "test.dbt_spacex.not_null_stg_launches_mission_id.31ede09dcc"
[0m01:41:34.333287 [debug] [Thread-2 (]: On test.dbt_spacex.not_null_stg_launches_mission_id.31ede09dcc: /* {"app": "dbt", "dbt_version": "1.5.0", "profile_name": "spacex_project", "target_name": "dev", "node_id": "test.dbt_spacex.not_null_stg_launches_mission_id.31ede09dcc"} */
select
      count(*) as failures,
      count(*) != 0 as should_warn,
      count(*) != 0 as should_error
    from (
      
    
    



select mission_id
from "spacex_db"."public"."stg_launches"
where mission_id is null



      
    ) dbt_internal_test
[0m01:41:34.337958 [debug] [Thread-1 (]: SQL status: BEGIN in 0.0 seconds
[0m01:41:34.339998 [debug] [Thread-1 (]: Using postgres connection "test.dbt_spacex.not_null_stg_launches_launch_date.aeb442a742"
[0m01:41:34.339154 [debug] [Thread-2 (]: SQL status: SELECT 1 in 0.0 seconds
[0m01:41:34.340410 [debug] [Thread-3 (]: SQL status: BEGIN in 0.0 seconds
[0m01:41:34.341489 [debug] [Thread-1 (]: On test.dbt_spacex.not_null_stg_launches_launch_date.aeb442a742: /* {"app": "dbt", "dbt_version": "1.5.0", "profile_name": "spacex_project", "target_name": "dev", "node_id": "test.dbt_spacex.not_null_stg_launches_launch_date.aeb442a742"} */
select
      count(*) as failures,
      count(*) != 0 as should_warn,
      count(*) != 0 as should_error
    from (
      
    
    



select launch_date
from "spacex_db"."public"."stg_launches"
where launch_date is null



      
    ) dbt_internal_test
[0m01:41:34.345203 [debug] [Thread-2 (]: Timing info for test.dbt_spacex.not_null_stg_launches_mission_id.31ede09dcc (execute): 01:41:34.277403 => 01:41:34.344907
[0m01:41:34.346465 [debug] [Thread-3 (]: Using postgres connection "test.dbt_spacex.unique_stg_launches_mission_id.cfa345d665"
[0m01:41:34.349726 [debug] [Thread-1 (]: SQL status: SELECT 1 in 0.0 seconds
[0m01:41:34.350899 [debug] [Thread-2 (]: On test.dbt_spacex.not_null_stg_launches_mission_id.31ede09dcc: ROLLBACK
[0m01:41:34.352259 [debug] [Thread-3 (]: On test.dbt_spacex.unique_stg_launches_mission_id.cfa345d665: /* {"app": "dbt", "dbt_version": "1.5.0", "profile_name": "spacex_project", "target_name": "dev", "node_id": "test.dbt_spacex.unique_stg_launches_mission_id.cfa345d665"} */
select
      count(*) as failures,
      count(*) != 0 as should_warn,
      count(*) != 0 as should_error
    from (
      
    
    

select
    mission_id as unique_field,
    count(*) as n_records

from "spacex_db"."public"."stg_launches"
where mission_id is not null
group by mission_id
having count(*) > 1



      
    ) dbt_internal_test
[0m01:41:34.354988 [debug] [Thread-1 (]: Timing info for test.dbt_spacex.not_null_stg_launches_launch_date.aeb442a742 (execute): 01:41:34.299615 => 01:41:34.354701
[0m01:41:34.356606 [debug] [Thread-2 (]: On test.dbt_spacex.not_null_stg_launches_mission_id.31ede09dcc: Close
[0m01:41:34.358581 [debug] [Thread-1 (]: On test.dbt_spacex.not_null_stg_launches_launch_date.aeb442a742: ROLLBACK
[0m01:41:34.359687 [debug] [Thread-3 (]: SQL status: SELECT 1 in 0.0 seconds
[0m01:41:34.360823 [info ] [Thread-2 (]: 2 of 3 PASS not_null_stg_launches_mission_id ................................... [[32mPASS[0m in 0.18s]
[0m01:41:34.364807 [debug] [Thread-1 (]: On test.dbt_spacex.not_null_stg_launches_launch_date.aeb442a742: Close
[0m01:41:34.367485 [debug] [Thread-3 (]: Timing info for test.dbt_spacex.unique_stg_launches_mission_id.cfa345d665 (execute): 01:41:34.303066 => 01:41:34.367128
[0m01:41:34.369114 [debug] [Thread-2 (]: Finished running node test.dbt_spacex.not_null_stg_launches_mission_id.31ede09dcc
[0m01:41:34.370991 [info ] [Thread-1 (]: 1 of 3 PASS not_null_stg_launches_launch_date .................................. [[32mPASS[0m in 0.19s]
[0m01:41:34.374227 [debug] [Thread-3 (]: On test.dbt_spacex.unique_stg_launches_mission_id.cfa345d665: ROLLBACK
[0m01:41:34.377068 [debug] [Thread-1 (]: Finished running node test.dbt_spacex.not_null_stg_launches_launch_date.aeb442a742
[0m01:41:34.378801 [debug] [Thread-3 (]: On test.dbt_spacex.unique_stg_launches_mission_id.cfa345d665: Close
[0m01:41:34.383587 [info ] [Thread-3 (]: 3 of 3 PASS unique_stg_launches_mission_id ..................................... [[32mPASS[0m in 0.20s]
[0m01:41:34.386353 [debug] [Thread-3 (]: Finished running node test.dbt_spacex.unique_stg_launches_mission_id.cfa345d665
[0m01:41:34.394235 [debug] [MainThread]: Using postgres connection "master"
[0m01:41:34.396072 [debug] [MainThread]: On master: BEGIN
[0m01:41:34.397230 [debug] [MainThread]: Opening a new connection, currently in state closed
[0m01:41:34.409230 [debug] [MainThread]: SQL status: BEGIN in 0.0 seconds
[0m01:41:34.410653 [debug] [MainThread]: On master: COMMIT
[0m01:41:34.411782 [debug] [MainThread]: Using postgres connection "master"
[0m01:41:34.413040 [debug] [MainThread]: On master: COMMIT
[0m01:41:34.414422 [debug] [MainThread]: SQL status: COMMIT in 0.0 seconds
[0m01:41:34.415727 [debug] [MainThread]: On master: Close
[0m01:41:34.417540 [debug] [MainThread]: Connection 'master' was properly closed.
[0m01:41:34.418742 [debug] [MainThread]: Connection 'test.dbt_spacex.not_null_stg_launches_launch_date.aeb442a742' was properly closed.
[0m01:41:34.420892 [debug] [MainThread]: Connection 'test.dbt_spacex.not_null_stg_launches_mission_id.31ede09dcc' was properly closed.
[0m01:41:34.422424 [debug] [MainThread]: Connection 'test.dbt_spacex.unique_stg_launches_mission_id.cfa345d665' was properly closed.
[0m01:41:34.423809 [info ] [MainThread]: 
[0m01:41:34.425521 [info ] [MainThread]: Finished running 3 tests in 0 hours 0 minutes and 0.52 seconds (0.52s).
[0m01:41:34.429076 [debug] [MainThread]: Command end result
[0m01:41:34.449835 [info ] [MainThread]: 
[0m01:41:34.452769 [info ] [MainThread]: [32mCompleted successfully[0m
[0m01:41:34.456274 [info ] [MainThread]: 
[0m01:41:34.458425 [info ] [MainThread]: Done. PASS=3 WARN=0 ERROR=0 SKIP=0 TOTAL=3
[0m01:41:34.460430 [debug] [MainThread]: Command `dbt test` succeeded at 01:41:34.460218 after 1.16 seconds
[0m01:41:34.461704 [debug] [MainThread]: Sending event: {'category': 'dbt', 'action': 'invocation', 'label': 'end', 'context': [<snowplow_tracker.self_describing_json.SelfDescribingJson object at 0x789f55c78450>, <snowplow_tracker.self_describing_json.SelfDescribingJson object at 0x789f528ed3d0>, <snowplow_tracker.self_describing_json.SelfDescribingJson object at 0x789f55b846d0>]}
[0m01:41:34.462883 [debug] [MainThread]: Flushing usage events
[0m01:41:50.553245 [debug] [MainThread]: Sending event: {'category': 'dbt', 'action': 'invocation', 'label': 'start', 'context': [<snowplow_tracker.self_describing_json.SelfDescribingJson object at 0x7adbfef7ecd0>, <snowplow_tracker.self_describing_json.SelfDescribingJson object at 0x7adbfefb6750>, <snowplow_tracker.self_describing_json.SelfDescribingJson object at 0x7adc0028f5d0>]}


============================== 01:41:50.562119 | 25b6c21f-fa20-4b66-8bdc-14413d9b7794 ==============================
[0m01:41:50.562119 [info ] [MainThread]: Running with dbt=1.5.0
[0m01:41:50.564615 [debug] [MainThread]: running dbt with arguments {'printer_width': '80', 'indirect_selection': 'eager', 'write_json': 'True', 'log_cache_events': 'False', 'partial_parse': 'True', 'cache_selected_only': 'False', 'profiles_dir': '/usr/app/dbt', 'fail_fast': 'False', 'warn_error': 'None', 'log_path': '/usr/app/dbt/logs', 'version_check': 'True', 'debug': 'False', 'use_colors': 'True', 'use_experimental_parser': 'False', 'no_print': 'None', 'quiet': 'False', 'log_format': 'default', 'introspect': 'True', 'static_parser': 'True', 'warn_error_options': 'WarnErrorOptions(include=[], exclude=[])', 'target_path': 'None', 'send_anonymous_usage_stats': 'True'}
[0m01:41:50.691119 [debug] [MainThread]: Sending event: {'category': 'dbt', 'action': 'project_id', 'label': '25b6c21f-fa20-4b66-8bdc-14413d9b7794', 'context': [<snowplow_tracker.self_describing_json.SelfDescribingJson object at 0x7adbfeffc910>]}
[0m01:41:50.709978 [debug] [MainThread]: Sending event: {'category': 'dbt', 'action': 'adapter_info', 'label': '25b6c21f-fa20-4b66-8bdc-14413d9b7794', 'context': [<snowplow_tracker.self_describing_json.SelfDescribingJson object at 0x7adbfd55bf90>]}
[0m01:41:50.736068 [debug] [MainThread]: checksum: 4568eb639a77b8fcb3a1f4a07856f42b1ff63f1376652889143968e1dbdafbda, vars: {}, profile: , target: , version: 1.5.0
[0m01:41:50.889462 [debug] [MainThread]: Partial parsing enabled: 0 files deleted, 0 files added, 0 files changed.
[0m01:41:50.891041 [debug] [MainThread]: Partial parsing enabled, no changes found, skipping parsing
[0m01:41:50.900316 [debug] [MainThread]: Sending event: {'category': 'dbt', 'action': 'load_project', 'label': '25b6c21f-fa20-4b66-8bdc-14413d9b7794', 'context': [<snowplow_tracker.self_describing_json.SelfDescribingJson object at 0x7adbfd566050>]}
[0m01:41:50.908328 [debug] [MainThread]: Sending event: {'category': 'dbt', 'action': 'resource_counts', 'label': '25b6c21f-fa20-4b66-8bdc-14413d9b7794', 'context': [<snowplow_tracker.self_describing_json.SelfDescribingJson object at 0x7adbfd62f190>]}
[0m01:41:50.909550 [info ] [MainThread]: Found 2 models, 3 tests, 0 snapshots, 0 analyses, 307 macros, 0 operations, 0 seed files, 2 sources, 0 exposures, 0 metrics, 0 groups
[0m01:41:50.911006 [debug] [MainThread]: Sending event: {'category': 'dbt', 'action': 'runnable_timing', 'label': '25b6c21f-fa20-4b66-8bdc-14413d9b7794', 'context': [<snowplow_tracker.self_describing_json.SelfDescribingJson object at 0x7adbfefcfb50>]}
[0m01:41:50.913916 [info ] [MainThread]: 
[0m01:41:50.916096 [debug] [MainThread]: Acquiring new postgres connection 'master'
[0m01:41:50.919044 [debug] [ThreadPool]: Acquiring new postgres connection 'list_spacex_db_public'
[0m01:41:50.938411 [debug] [ThreadPool]: Using postgres connection "list_spacex_db_public"
[0m01:41:50.940291 [debug] [ThreadPool]: On list_spacex_db_public: BEGIN
[0m01:41:50.941918 [debug] [ThreadPool]: Opening a new connection, currently in state init
[0m01:41:50.955654 [debug] [ThreadPool]: SQL status: BEGIN in 0.0 seconds
[0m01:41:50.957417 [debug] [ThreadPool]: Using postgres connection "list_spacex_db_public"
[0m01:41:50.958712 [debug] [ThreadPool]: On list_spacex_db_public: /* {"app": "dbt", "dbt_version": "1.5.0", "profile_name": "spacex_project", "target_name": "dev", "connection_name": "list_spacex_db_public"} */
select
      'spacex_db' as database,
      tablename as name,
      schemaname as schema,
      'table' as type
    from pg_tables
    where schemaname ilike 'public'
    union all
    select
      'spacex_db' as database,
      viewname as name,
      schemaname as schema,
      'view' as type
    from pg_views
    where schemaname ilike 'public'
  
[0m01:41:50.964063 [debug] [ThreadPool]: SQL status: SELECT 2 in 0.0 seconds
[0m01:41:50.966792 [debug] [ThreadPool]: On list_spacex_db_public: ROLLBACK
[0m01:41:50.969387 [debug] [ThreadPool]: On list_spacex_db_public: Close
[0m01:41:50.977385 [debug] [MainThread]: Using postgres connection "master"
[0m01:41:50.978876 [debug] [MainThread]: On master: BEGIN
[0m01:41:50.980047 [debug] [MainThread]: Opening a new connection, currently in state init
[0m01:41:50.991408 [debug] [MainThread]: SQL status: BEGIN in 0.0 seconds
[0m01:41:50.993120 [debug] [MainThread]: Using postgres connection "master"
[0m01:41:50.994725 [debug] [MainThread]: On master: /* {"app": "dbt", "dbt_version": "1.5.0", "profile_name": "spacex_project", "target_name": "dev", "connection_name": "master"} */
with relation as (
        select
            pg_rewrite.ev_class as class,
            pg_rewrite.oid as id
        from pg_rewrite
    ),
    class as (
        select
            oid as id,
            relname as name,
            relnamespace as schema,
            relkind as kind
        from pg_class
    ),
    dependency as (
        select distinct
            pg_depend.objid as id,
            pg_depend.refobjid as ref
        from pg_depend
    ),
    schema as (
        select
            pg_namespace.oid as id,
            pg_namespace.nspname as name
        from pg_namespace
        where nspname != 'information_schema' and nspname not like 'pg\_%'
    ),
    referenced as (
        select
            relation.id AS id,
            referenced_class.name ,
            referenced_class.schema ,
            referenced_class.kind
        from relation
        join class as referenced_class on relation.class=referenced_class.id
        where referenced_class.kind in ('r', 'v')
    ),
    relationships as (
        select
            referenced.name as referenced_name,
            referenced.schema as referenced_schema_id,
            dependent_class.name as dependent_name,
            dependent_class.schema as dependent_schema_id,
            referenced.kind as kind
        from referenced
        join dependency on referenced.id=dependency.id
        join class as dependent_class on dependency.ref=dependent_class.id
        where
            (referenced.name != dependent_class.name or
             referenced.schema != dependent_class.schema)
    )

    select
        referenced_schema.name as referenced_schema,
        relationships.referenced_name as referenced_name,
        dependent_schema.name as dependent_schema,
        relationships.dependent_name as dependent_name
    from relationships
    join schema as dependent_schema on relationships.dependent_schema_id=dependent_schema.id
    join schema as referenced_schema on relationships.referenced_schema_id=referenced_schema.id
    group by referenced_schema, referenced_name, dependent_schema, dependent_name
    order by referenced_schema, referenced_name, dependent_schema, dependent_name;
[0m01:41:51.002259 [debug] [MainThread]: SQL status: SELECT 1 in 0.0 seconds
[0m01:41:51.005012 [debug] [MainThread]: Sending event: {'category': 'dbt', 'action': 'runnable_timing', 'label': '25b6c21f-fa20-4b66-8bdc-14413d9b7794', 'context': [<snowplow_tracker.self_describing_json.SelfDescribingJson object at 0x7adbff769d10>]}
[0m01:41:51.006472 [debug] [MainThread]: On master: ROLLBACK
[0m01:41:51.008276 [debug] [MainThread]: On master: Close
[0m01:41:51.009978 [info ] [MainThread]: Concurrency: 4 threads (target='dev')
[0m01:41:51.012150 [info ] [MainThread]: 
[0m01:41:51.043707 [debug] [Thread-1 (]: Began running node model.dbt_spacex.stg_launches
[0m01:41:51.051409 [debug] [Thread-1 (]: Re-using an available connection from the pool (formerly list_spacex_db_public, now model.dbt_spacex.stg_launches)
[0m01:41:51.053312 [debug] [Thread-1 (]: Began compiling node model.dbt_spacex.stg_launches
[0m01:41:51.060206 [debug] [Thread-1 (]: Writing injected SQL for node "model.dbt_spacex.stg_launches"
[0m01:41:51.083980 [debug] [Thread-1 (]: Timing info for model.dbt_spacex.stg_launches (compile): 01:41:51.055224 => 01:41:51.083455
[0m01:41:51.085528 [debug] [Thread-1 (]: Began executing node model.dbt_spacex.stg_launches
[0m01:41:51.087380 [debug] [Thread-1 (]: Timing info for model.dbt_spacex.stg_launches (execute): 01:41:51.086919 => 01:41:51.086953
[0m01:41:51.090102 [debug] [Thread-1 (]: Finished running node model.dbt_spacex.stg_launches
[0m01:41:51.093047 [debug] [Thread-3 (]: Began running node model.dbt_spacex.fct_launches_performance
[0m01:41:51.093995 [debug] [Thread-4 (]: Began running node test.dbt_spacex.not_null_stg_launches_launch_date.aeb442a742
[0m01:41:51.094697 [debug] [Thread-2 (]: Began running node test.dbt_spacex.not_null_stg_launches_mission_id.31ede09dcc
[0m01:41:51.095339 [debug] [Thread-1 (]: Began running node test.dbt_spacex.unique_stg_launches_mission_id.cfa345d665
[0m01:41:51.096804 [debug] [Thread-3 (]: Acquiring new postgres connection 'model.dbt_spacex.fct_launches_performance'
[0m01:41:51.098424 [debug] [Thread-4 (]: Acquiring new postgres connection 'test.dbt_spacex.not_null_stg_launches_launch_date.aeb442a742'
[0m01:41:51.100076 [debug] [Thread-2 (]: Acquiring new postgres connection 'test.dbt_spacex.not_null_stg_launches_mission_id.31ede09dcc'
[0m01:41:51.101358 [debug] [Thread-1 (]: Re-using an available connection from the pool (formerly model.dbt_spacex.stg_launches, now test.dbt_spacex.unique_stg_launches_mission_id.cfa345d665)
[0m01:41:51.102535 [debug] [Thread-3 (]: Began compiling node model.dbt_spacex.fct_launches_performance
[0m01:41:51.103571 [debug] [Thread-4 (]: Began compiling node test.dbt_spacex.not_null_stg_launches_launch_date.aeb442a742
[0m01:41:51.104742 [debug] [Thread-2 (]: Began compiling node test.dbt_spacex.not_null_stg_launches_mission_id.31ede09dcc
[0m01:41:51.105786 [debug] [Thread-1 (]: Began compiling node test.dbt_spacex.unique_stg_launches_mission_id.cfa345d665
[0m01:41:51.110422 [debug] [Thread-3 (]: Writing injected SQL for node "model.dbt_spacex.fct_launches_performance"
[0m01:41:51.126964 [debug] [Thread-4 (]: Writing injected SQL for node "test.dbt_spacex.not_null_stg_launches_launch_date.aeb442a742"
[0m01:41:51.171655 [debug] [Thread-2 (]: Writing injected SQL for node "test.dbt_spacex.not_null_stg_launches_mission_id.31ede09dcc"
[0m01:41:51.180024 [debug] [Thread-1 (]: Writing injected SQL for node "test.dbt_spacex.unique_stg_launches_mission_id.cfa345d665"
[0m01:41:51.189469 [debug] [Thread-2 (]: Timing info for test.dbt_spacex.not_null_stg_launches_mission_id.31ede09dcc (compile): 01:41:51.127644 => 01:41:51.189039
[0m01:41:51.190181 [debug] [Thread-3 (]: Timing info for model.dbt_spacex.fct_launches_performance (compile): 01:41:51.106905 => 01:41:51.189881
[0m01:41:51.191489 [debug] [Thread-1 (]: Timing info for test.dbt_spacex.unique_stg_launches_mission_id.cfa345d665 (compile): 01:41:51.172907 => 01:41:51.191178
[0m01:41:51.192017 [debug] [Thread-2 (]: Began executing node test.dbt_spacex.not_null_stg_launches_mission_id.31ede09dcc
[0m01:41:51.193355 [debug] [Thread-4 (]: Timing info for test.dbt_spacex.not_null_stg_launches_launch_date.aeb442a742 (compile): 01:41:51.111535 => 01:41:51.193052
[0m01:41:51.193818 [debug] [Thread-3 (]: Began executing node model.dbt_spacex.fct_launches_performance
[0m01:41:51.194909 [debug] [Thread-1 (]: Began executing node test.dbt_spacex.unique_stg_launches_mission_id.cfa345d665
[0m01:41:51.196358 [debug] [Thread-2 (]: Timing info for test.dbt_spacex.not_null_stg_launches_mission_id.31ede09dcc (execute): 01:41:51.196036 => 01:41:51.196056
[0m01:41:51.197540 [debug] [Thread-4 (]: Began executing node test.dbt_spacex.not_null_stg_launches_launch_date.aeb442a742
[0m01:41:51.198868 [debug] [Thread-3 (]: Timing info for model.dbt_spacex.fct_launches_performance (execute): 01:41:51.198597 => 01:41:51.198607
[0m01:41:51.200228 [debug] [Thread-1 (]: Timing info for test.dbt_spacex.unique_stg_launches_mission_id.cfa345d665 (execute): 01:41:51.199862 => 01:41:51.199871
[0m01:41:51.202094 [debug] [Thread-2 (]: Finished running node test.dbt_spacex.not_null_stg_launches_mission_id.31ede09dcc
[0m01:41:51.203594 [debug] [Thread-4 (]: Timing info for test.dbt_spacex.not_null_stg_launches_launch_date.aeb442a742 (execute): 01:41:51.203211 => 01:41:51.203224
[0m01:41:51.205961 [debug] [Thread-3 (]: Finished running node model.dbt_spacex.fct_launches_performance
[0m01:41:51.208209 [debug] [Thread-1 (]: Finished running node test.dbt_spacex.unique_stg_launches_mission_id.cfa345d665
[0m01:41:51.211070 [debug] [Thread-4 (]: Finished running node test.dbt_spacex.not_null_stg_launches_launch_date.aeb442a742
[0m01:41:51.216029 [debug] [MainThread]: Connection 'master' was properly closed.
[0m01:41:51.217226 [debug] [MainThread]: Connection 'test.dbt_spacex.unique_stg_launches_mission_id.cfa345d665' was properly closed.
[0m01:41:51.218253 [debug] [MainThread]: Connection 'model.dbt_spacex.fct_launches_performance' was properly closed.
[0m01:41:51.219401 [debug] [MainThread]: Connection 'test.dbt_spacex.not_null_stg_launches_launch_date.aeb442a742' was properly closed.
[0m01:41:51.221063 [debug] [MainThread]: Connection 'test.dbt_spacex.not_null_stg_launches_mission_id.31ede09dcc' was properly closed.
[0m01:41:51.223556 [debug] [MainThread]: Command end result
[0m01:41:51.264654 [debug] [MainThread]: Acquiring new postgres connection 'generate_catalog'
[0m01:41:51.266030 [info ] [MainThread]: Building catalog
[0m01:41:51.269474 [debug] [ThreadPool]: Acquiring new postgres connection 'spacex_db.information_schema'
[0m01:41:51.279382 [debug] [ThreadPool]: Using postgres connection "spacex_db.information_schema"
[0m01:41:51.281188 [debug] [ThreadPool]: On spacex_db.information_schema: BEGIN
[0m01:41:51.282751 [debug] [ThreadPool]: Opening a new connection, currently in state init
[0m01:41:51.297917 [debug] [ThreadPool]: SQL status: BEGIN in 0.0 seconds
[0m01:41:51.299611 [debug] [ThreadPool]: Using postgres connection "spacex_db.information_schema"
[0m01:41:51.301012 [debug] [ThreadPool]: On spacex_db.information_schema: /* {"app": "dbt", "dbt_version": "1.5.0", "profile_name": "spacex_project", "target_name": "dev", "connection_name": "spacex_db.information_schema"} */

    
    

    select
        'spacex_db' as table_database,
        sch.nspname as table_schema,
        tbl.relname as table_name,
        case tbl.relkind
            when 'v' then 'VIEW'
            else 'BASE TABLE'
        end as table_type,
        tbl_desc.description as table_comment,
        col.attname as column_name,
        col.attnum as column_index,
        pg_catalog.format_type(col.atttypid, col.atttypmod) as column_type,
        col_desc.description as column_comment,
        pg_get_userbyid(tbl.relowner) as table_owner

    from pg_catalog.pg_namespace sch
    join pg_catalog.pg_class tbl on tbl.relnamespace = sch.oid
    join pg_catalog.pg_attribute col on col.attrelid = tbl.oid
    left outer join pg_catalog.pg_description tbl_desc on (tbl_desc.objoid = tbl.oid and tbl_desc.objsubid = 0)
    left outer join pg_catalog.pg_description col_desc on (col_desc.objoid = tbl.oid and col_desc.objsubid = col.attnum)

    where (upper(sch.nspname) = upper('public') or upper(sch.nspname) = upper('raw'))
      and not pg_is_other_temp_schema(sch.oid) -- not a temporary schema belonging to another session
      and tbl.relpersistence in ('p', 'u') -- [p]ermanent table or [u]nlogged table. Exclude [t]emporary tables
      and tbl.relkind in ('r', 'v', 'f', 'p') -- o[r]dinary table, [v]iew, [f]oreign table, [p]artitioned table. Other values are [i]ndex, [S]equence, [c]omposite type, [t]OAST table, [m]aterialized view
      and col.attnum > 0 -- negative numbers are used for system columns such as oid
      and not col.attisdropped -- column as not been dropped

    order by
        sch.nspname,
        tbl.relname,
        col.attnum
[0m01:41:51.311210 [debug] [ThreadPool]: SQL status: SELECT 53 in 0.0 seconds
[0m01:41:51.320373 [debug] [ThreadPool]: On spacex_db.information_schema: ROLLBACK
[0m01:41:51.322547 [debug] [ThreadPool]: On spacex_db.information_schema: Close
[0m01:41:51.345654 [info ] [MainThread]: Catalog written to /usr/app/dbt/target/catalog.json
[0m01:41:51.347730 [debug] [MainThread]: Command `dbt docs generate` succeeded at 01:41:51.347533 after 0.82 seconds
[0m01:41:51.348902 [debug] [MainThread]: Connection 'generate_catalog' was properly closed.
[0m01:41:51.350085 [debug] [MainThread]: Connection 'spacex_db.information_schema' was properly closed.
[0m01:41:51.351332 [debug] [MainThread]: Sending event: {'category': 'dbt', 'action': 'invocation', 'label': 'end', 'context': [<snowplow_tracker.self_describing_json.SelfDescribingJson object at 0x7adbfd46c410>, <snowplow_tracker.self_describing_json.SelfDescribingJson object at 0x7adbfff56c90>, <snowplow_tracker.self_describing_json.SelfDescribingJson object at 0x7adbfef64a50>]}
[0m01:41:51.352567 [debug] [MainThread]: Flushing usage events
